<?xml version="1.0" encoding="UTF-8"?>
<!-- Generated by org.testng.reporters.JUnitXMLReporter -->
<testsuite ignored="2" hostname="PEACE-MSI" failures="0" tests="2" name="Default test" time="0.089" errors="0" timestamp="2024-11-06T17:05:47 IST">
  <testcase classname="com.ecommerce.instashot.ProductTest.VerifyElectronicProduct" name="createproduct" time="0.018"/>
  <testcase classname="com.ecommerce.instashot.ProductTest.VerifyKidsProduct" name="createproduct" time="0.002"/>
  <testcase classname="com.ecommerce.instashot.ProductTest.VerifyKidsProduct" name="Updateproduct" time="0.0">
    <ignored/>
  </testcase> <!-- Updateproduct -->
  <testcase classname="com.ecommerce.instashot.ProductTest.VerifyElectronicProduct" name="Updateproduct" time="0.0">
    <ignored/>
  </testcase> <!-- Updateproduct -->
</testsuite> <!-- Default test -->
