<?xml version="1.0" encoding="UTF-8"?>
<!-- Generated by org.testng.reporters.JUnitXMLReporter -->
<testsuite ignored="1" hostname="PEACE-MSI" failures="0" tests="4" name="Test" time="0.078" errors="0" timestamp="2024-11-07T16:20:50 IST">
  <testcase classname="com.ecommerce.instashot.ProductTest.VerifyKidsProduct" name="createproduct" time="0.011"/>
  <testcase classname="com.ecommerce.instashot.ProductTest.VerifyElectronicProduct" name="createproduct" time="0.001"/>
  <testcase classname="com.ecommerce.instashot.ProductTest.VerifyElectronicProduct" name="Updateproduct" time="0.0"/>
  <testcase classname="com.ecommerce.instashot.ProductTest.VerifyElectronicProduct" name="Updateproduct" time="0.001"/>
  <testcase classname="com.ecommerce.instashot.ProductTest.VerifyKidsProduct" name="Updateproduct" time="0.0">
    <ignored/>
  </testcase> <!-- Updateproduct -->
</testsuite> <!-- Test -->
