<?xml version="1.0" encoding="UTF-8"?>
<testng-results ignored="1" total="5" passed="4" failed="0" skipped="0">
  <reporter-output>
    <line>
      <![CDATA[Browser launched successfully]]>
    </line>
    <line>
      <![CDATA[login successfull]]>
    </line>
    <line>
      <![CDATA[kids product created]]>
    </line>
    <line>
      <![CDATA[logout successfully]]>
    </line>
    <line>
      <![CDATA[Browser closed successfully]]>
    </line>
    <line>
      <![CDATA[Browser launched successfully]]>
    </line>
    <line>
      <![CDATA[login successfull]]>
    </line>
    <line>
      <![CDATA[electronics product created]]>
    </line>
    <line>
      <![CDATA[logout successfully]]>
    </line>
    <line>
      <![CDATA[login successfull]]>
    </line>
    <line>
      <![CDATA[electronics product updated]]>
    </line>
    <line>
      <![CDATA[logout successfully]]>
    </line>
    <line>
      <![CDATA[login successfull]]>
    </line>
    <line>
      <![CDATA[electronics product updated]]>
    </line>
    <line>
      <![CDATA[logout successfully]]>
    </line>
    <line>
      <![CDATA[Browser closed successfully]]>
    </line>
  </reporter-output>
  <suite started-at="2024-11-07T16:20:50 IST" name="Suite" finished-at="2024-11-07T16:20:50 IST" duration-ms="78">
    <groups>
    </groups>
    <test started-at="2024-11-07T16:20:50 IST" name="Test" finished-at="2024-11-07T16:20:50 IST" duration-ms="78">
      <class name="com.ecommerce.instashot.ProductTest.VerifyElectronicProduct">
        <test-method is-config="true" signature="BrowserSetUp()[pri:0, instance:com.ecommerce.instashot.ProductTest.VerifyElectronicProduct@399f45b1]" started-at="2024-11-07T16:20:50 IST" name="BrowserSetUp" finished-at="2024-11-07T16:20:50 IST" duration-ms="1" status="PASS">
          <reporter-output>
            <line>
              <![CDATA[Browser launched successfully]]>
            </line>
          </reporter-output>
        </test-method> <!-- BrowserSetUp -->
        <test-method is-config="true" signature="login()[pri:0, instance:com.ecommerce.instashot.ProductTest.VerifyElectronicProduct@399f45b1]" started-at="2024-11-07T16:20:50 IST" name="login" finished-at="2024-11-07T16:20:50 IST" duration-ms="0" status="PASS">
          <reporter-output>
            <line>
              <![CDATA[login successfull]]>
            </line>
          </reporter-output>
        </test-method> <!-- login -->
        <test-method signature="createproduct()[pri:1, instance:com.ecommerce.instashot.ProductTest.VerifyElectronicProduct@399f45b1]" started-at="2024-11-07T16:20:50 IST" name="createproduct" finished-at="2024-11-07T16:20:50 IST" duration-ms="1" status="PASS">
          <reporter-output>
            <line>
              <![CDATA[electronics product created]]>
            </line>
          </reporter-output>
        </test-method> <!-- createproduct -->
        <test-method is-config="true" signature="logout()[pri:0, instance:com.ecommerce.instashot.ProductTest.VerifyElectronicProduct@399f45b1]" started-at="2024-11-07T16:20:50 IST" name="logout" finished-at="2024-11-07T16:20:50 IST" duration-ms="0" status="PASS">
          <reporter-output>
            <line>
              <![CDATA[logout successfully]]>
            </line>
          </reporter-output>
        </test-method> <!-- logout -->
        <test-method is-config="true" signature="login()[pri:0, instance:com.ecommerce.instashot.ProductTest.VerifyElectronicProduct@399f45b1]" started-at="2024-11-07T16:20:50 IST" name="login" finished-at="2024-11-07T16:20:50 IST" duration-ms="0" status="PASS">
          <reporter-output>
            <line>
              <![CDATA[login successfull]]>
            </line>
          </reporter-output>
        </test-method> <!-- login -->
        <test-method signature="Updateproduct()[pri:2, instance:com.ecommerce.instashot.ProductTest.VerifyElectronicProduct@399f45b1]" started-at="2024-11-07T16:20:50 IST" name="Updateproduct" finished-at="2024-11-07T16:20:50 IST" depends-on-methods="com.ecommerce.instashot.ProductTest.VerifyElectronicProduct.createproduct" duration-ms="0" status="PASS">
          <reporter-output>
            <line>
              <![CDATA[electronics product updated]]>
            </line>
          </reporter-output>
        </test-method> <!-- Updateproduct -->
        <test-method is-config="true" signature="logout()[pri:0, instance:com.ecommerce.instashot.ProductTest.VerifyElectronicProduct@399f45b1]" started-at="2024-11-07T16:20:50 IST" name="logout" finished-at="2024-11-07T16:20:50 IST" duration-ms="0" status="PASS">
          <reporter-output>
            <line>
              <![CDATA[logout successfully]]>
            </line>
          </reporter-output>
        </test-method> <!-- logout -->
        <test-method signature="Updateproduct()[pri:2, instance:com.ecommerce.instashot.ProductTest.VerifyElectronicProduct@399f45b1]" started-at="2024-11-07T16:20:50 IST" name="Updateproduct" finished-at="2024-11-07T16:20:50 IST" depends-on-methods="com.ecommerce.instashot.ProductTest.VerifyElectronicProduct.createproduct" duration-ms="1" status="PASS">
          <reporter-output>
            <line>
              <![CDATA[electronics product updated]]>
            </line>
          </reporter-output>
        </test-method> <!-- Updateproduct -->
        <test-method is-config="true" signature="login()[pri:0, instance:com.ecommerce.instashot.ProductTest.VerifyElectronicProduct@399f45b1]" started-at="2024-11-07T16:20:50 IST" name="login" finished-at="2024-11-07T16:20:50 IST" duration-ms="0" status="PASS">
          <reporter-output>
            <line>
              <![CDATA[login successfull]]>
            </line>
          </reporter-output>
        </test-method> <!-- login -->
        <test-method is-config="true" signature="logout()[pri:0, instance:com.ecommerce.instashot.ProductTest.VerifyElectronicProduct@399f45b1]" started-at="2024-11-07T16:20:50 IST" name="logout" finished-at="2024-11-07T16:20:50 IST" duration-ms="0" status="PASS">
          <reporter-output>
            <line>
              <![CDATA[logout successfully]]>
            </line>
          </reporter-output>
        </test-method> <!-- logout -->
        <test-method is-config="true" signature="TerminateBrowser()[pri:0, instance:com.ecommerce.instashot.ProductTest.VerifyElectronicProduct@399f45b1]" started-at="2024-11-07T16:20:50 IST" name="TerminateBrowser" finished-at="2024-11-07T16:20:50 IST" duration-ms="0" status="PASS">
          <reporter-output>
            <line>
              <![CDATA[Browser closed successfully]]>
            </line>
          </reporter-output>
        </test-method> <!-- TerminateBrowser -->
      </class> <!-- com.ecommerce.instashot.ProductTest.VerifyElectronicProduct -->
      <class name="com.ecommerce.instashot.ProductTest.VerifyKidsProduct">
        <test-method is-config="true" signature="BrowserSetUp()[pri:0, instance:com.ecommerce.instashot.ProductTest.VerifyKidsProduct@6c64cb25]" started-at="2024-11-07T16:20:50 IST" name="BrowserSetUp" finished-at="2024-11-07T16:20:50 IST" duration-ms="9" status="PASS">
          <reporter-output>
            <line>
              <![CDATA[Browser launched successfully]]>
            </line>
          </reporter-output>
        </test-method> <!-- BrowserSetUp -->
        <test-method is-config="true" signature="login()[pri:0, instance:com.ecommerce.instashot.ProductTest.VerifyKidsProduct@6c64cb25]" started-at="2024-11-07T16:20:50 IST" name="login" finished-at="2024-11-07T16:20:50 IST" duration-ms="1" status="PASS">
          <reporter-output>
            <line>
              <![CDATA[login successfull]]>
            </line>
          </reporter-output>
        </test-method> <!-- login -->
        <test-method signature="createproduct()[pri:1, instance:com.ecommerce.instashot.ProductTest.VerifyKidsProduct@6c64cb25]" started-at="2024-11-07T16:20:50 IST" name="createproduct" finished-at="2024-11-07T16:20:50 IST" duration-ms="11" status="PASS">
          <reporter-output>
            <line>
              <![CDATA[kids product created]]>
            </line>
          </reporter-output>
        </test-method> <!-- createproduct -->
        <test-method is-config="true" signature="logout()[pri:0, instance:com.ecommerce.instashot.ProductTest.VerifyKidsProduct@6c64cb25]" started-at="2024-11-07T16:20:50 IST" name="logout" finished-at="2024-11-07T16:20:50 IST" duration-ms="0" status="PASS">
          <reporter-output>
            <line>
              <![CDATA[logout successfully]]>
            </line>
          </reporter-output>
        </test-method> <!-- logout -->
        <test-method is-config="true" signature="TerminateBrowser()[pri:0, instance:com.ecommerce.instashot.ProductTest.VerifyKidsProduct@6c64cb25]" started-at="2024-11-07T16:20:50 IST" name="TerminateBrowser" finished-at="2024-11-07T16:20:50 IST" duration-ms="0" status="PASS">
          <reporter-output>
            <line>
              <![CDATA[Browser closed successfully]]>
            </line>
          </reporter-output>
        </test-method> <!-- TerminateBrowser -->
      </class> <!-- com.ecommerce.instashot.ProductTest.VerifyKidsProduct -->
    </test> <!-- Test -->
  </suite> <!-- Suite -->
</testng-results>
